# JRE version: OpenJDK Runtime Environment Temurin-21.0.6+7 (21.0.6+7) (build 21.0.6+7-LTS)
# Java VM: OpenJDK 64-Bit Server VM Temurin-21.0.6+7 (21.0.6+7-LTS, mixed mode, sharing, tiered, compressed oops, compressed class ptrs, parallel gc, windows-amd64)
GC Precious Log:
 CardTable entry size: 512
 CPUs: 12 total, 12 available
 Memory: 10085M
 Large Page Support: Disabled
 NUMA Support: Disabled
 Compressed Oops: Enabled (32-bit)
 Alignments: Space 512K, Generation 512K, Heap 2M
 Heap Min Capacity: 100M
 Heap Initial Capacity: 100M
 Heap Max Capacity: 1G
 Pre-touch: Disabled
 Parallel Workers: 10
Heap:
 PSYoungGen      total 8704K, used 7350K [0x00000000eab00000, 0x00000000eb580000, 0x0000000100000000)
  eden space 7680K, 82% used [0x00000000eab00000,0x00000000eb1317a8,0x00000000eb280000)
  from space 1024K, 98% used [0x00000000eb480000,0x00000000eb57c158,0x00000000eb580000)
  to   space 1536K, 0% used [0x00000000eb280000,0x00000000eb280000,0x00000000eb400000)
 ParOldGen       total 142336K, used 141948K [0x00000000c0000000, 0x00000000c8b00000, 0x00000000eab00000)
  object space 142336K, 99% used [0x00000000c0000000,0x00000000c8a9f1e8,0x00000000c8b00000)
 Metaspace       used 70343K, committed 71936K, reserved 1114112K
  class space    used 7385K, committed 8128K, reserved 1048576K
GC Heap History (20 events):
Event: 8660.970 GC heap before
{Heap before GC invocations=3330 (full 7):
 PSYoungGen      total 9728K, used 9724K [0x00000000eab00000, 0x00000000ec980000, 0x0000000100000000)
  eden space 3072K, 99% used [0x00000000eab00000,0x00000000eadff078,0x00000000eae00000)
  from space 6656K, 100% used [0x00000000eb900000,0x00000000ebf80000,0x00000000ebf80000)
  to   space 11264K, 0% used [0x00000000eae00000,0x00000000eae00000,0x00000000eb900000)
 ParOldGen       total 141824K, used 126211K [0x00000000c0000000, 0x00000000c8a80000, 0x00000000eab00000)
  object space 141824K, 88% used [0x00000000c0000000,0x00000000c7b40e80,0x00000000c8a80000)
 Metaspace       used 70132K, committed 71936K, reserved 1114112K
  class space    used 7377K, committed 8128K, reserved 1048576K
}
Event: 8661.074 GC heap after
{Heap after GC invocations=3330 (full 7):
 PSYoungGen      total 6656K, used 3168K [0x00000000eab00000, 0x00000000ebb00000, 0x0000000100000000)
  eden space 3072K, 0% used [0x00000000eab00000,0x00000000eab00000,0x00000000eae00000)
  from space 3584K, 88% used [0x00000000eae00000,0x00000000eb118000,0x00000000eb180000)
  to   space 6144K, 0% used [0x00000000eb500000,0x00000000eb500000,0x00000000ebb00000)
 ParOldGen       total 141824K, used 132987K [0x00000000c0000000, 0x00000000c8a80000, 0x00000000eab00000)
  object space 141824K, 93% used [0x00000000c0000000,0x00000000c81dee80,0x00000000c8a80000)
 Metaspace       used 70132K, committed 71936K, reserved 1114112K
  class space    used 7377K, committed 8128K, reserved 1048576K
}
Event: 8661.101 GC heap before
{Heap before GC invocations=3331 (full 7):
 PSYoungGen      total 6656K, used 6155K [0x00000000eab00000, 0x00000000ebb00000, 0x0000000100000000)
  eden space 3072K, 97% used [0x00000000eab00000,0x00000000eadeacd0,0x00000000eae00000)
  from space 3584K, 88% used [0x00000000eae00000,0x00000000eb118000,0x00000000eb180000)
  to   space 6144K, 0% used [0x00000000eb500000,0x00000000eb500000,0x00000000ebb00000)
 ParOldGen       total 141824K, used 132987K [0x00000000c0000000, 0x00000000c8a80000, 0x00000000eab00000)
  object space 141824K, 93% used [0x00000000c0000000,0x00000000c81dee80,0x00000000c8a80000)
 Metaspace       used 70134K, committed 71936K, reserved 1114112K
  class space    used 7377K, committed 8128K, reserved 1048576K
}
Event: 8661.155 GC heap after
{Heap after GC invocations=3331 (full 7):
 PSYoungGen      total 5632K, used 1464K [0x00000000eab00000, 0x00000000eb680000, 0x0000000100000000)
  eden space 4096K, 0% used [0x00000000eab00000,0x00000000eab00000,0x00000000eaf00000)
  from space 1536K, 95% used [0x00000000eb500000,0x00000000eb66e000,0x00000000eb680000)
  to   space 2560K, 0% used [0x00000000eb180000,0x00000000eb180000,0x00000000eb400000)
 ParOldGen       total 141824K, used 136027K [0x00000000c0000000, 0x00000000c8a80000, 0x00000000eab00000)
  object space 141824K, 95% used [0x00000000c0000000,0x00000000c84d6e80,0x00000000c8a80000)
 Metaspace       used 70134K, committed 71936K, reserved 1114112K
  class space    used 7377K, committed 8128K, reserved 1048576K
}
Event: 8661.903 GC heap before
{Heap before GC invocations=3332 (full 7):
 PSYoungGen      total 5632K, used 5560K [0x00000000eab00000, 0x00000000eb680000, 0x0000000100000000)
  eden space 4096K, 100% used [0x00000000eab00000,0x00000000eaf00000,0x00000000eaf00000)
  from space 1536K, 95% used [0x00000000eb500000,0x00000000eb66e000,0x00000000eb680000)
  to   space 2560K, 0% used [0x00000000eb180000,0x00000000eb180000,0x00000000eb400000)
 ParOldGen       total 141824K, used 136027K [0x00000000c0000000, 0x00000000c8a80000, 0x00000000eab00000)
  object space 141824K, 95% used [0x00000000c0000000,0x00000000c84d6e80,0x00000000c8a80000)
 Metaspace       used 70154K, committed 71936K, reserved 1114112K
  class space    used 7378K, committed 8128K, reserved 1048576K
}
Event: 8661.933 GC heap after
{Heap after GC invocations=3332 (full 7):
 PSYoungGen      total 7680K, used 2160K [0x00000000eab00000, 0x00000000eb580000, 0x0000000100000000)
  eden space 5120K, 0% used [0x00000000eab00000,0x00000000eab00000,0x00000000eb000000)
  from space 2560K, 84% used [0x00000000eb180000,0x00000000eb39c020,0x00000000eb400000)
  to   space 1536K, 0% used [0x00000000eb400000,0x00000000eb400000,0x00000000eb580000)
 ParOldGen       total 141824K, used 136923K [0x00000000c0000000, 0x00000000c8a80000, 0x00000000eab00000)
  object space 141824K, 96% used [0x00000000c0000000,0x00000000c85b6e80,0x00000000c8a80000)
 Metaspace       used 70154K, committed 71936K, reserved 1114112K
  class space    used 7378K, committed 8128K, reserved 1048576K
}
Event: 8662.032 GC heap before
{Heap before GC invocations=3333 (full 7):
 PSYoungGen      total 7680K, used 7280K [0x00000000eab00000, 0x00000000eb580000, 0x0000000100000000)
  eden space 5120K, 100% used [0x00000000eab00000,0x00000000eb000000,0x00000000eb000000)
  from space 2560K, 84% used [0x00000000eb180000,0x00000000eb39c020,0x00000000eb400000)
  to   space 1536K, 0% used [0x00000000eb400000,0x00000000eb400000,0x00000000eb580000)
 ParOldGen       total 141824K, used 136923K [0x00000000c0000000, 0x00000000c8a80000, 0x00000000eab00000)
  object space 141824K, 96% used [0x00000000c0000000,0x00000000c85b6e80,0x00000000c8a80000)
 Metaspace       used 70206K, committed 71936K, reserved 1114112K
  class space    used 7381K, committed 8128K, reserved 1048576K
}
Event: 8662.078 GC heap after
{Heap after GC invocations=3333 (full 7):
 PSYoungGen      total 7680K, used 1264K [0x00000000eab00000, 0x00000000eb580000, 0x0000000100000000)
  eden space 6144K, 0% used [0x00000000eab00000,0x00000000eab00000,0x00000000eb100000)
  from space 1536K, 82% used [0x00000000eb400000,0x00000000eb53c010,0x00000000eb580000)
  to   space 2048K, 0% used [0x00000000eb180000,0x00000000eb180000,0x00000000eb380000)
 ParOldGen       total 141824K, used 138955K [0x00000000c0000000, 0x00000000c8a80000, 0x00000000eab00000)
  object space 141824K, 97% used [0x00000000c0000000,0x00000000c87b2ea0,0x00000000c8a80000)
 Metaspace       used 70206K, committed 71936K, reserved 1114112K
  class space    used 7381K, committed 8128K, reserved 1048576K
}
Event: 8662.781 GC heap before
{Heap before GC invocations=3334 (full 7):
 PSYoungGen      total 7680K, used 7408K [0x00000000eab00000, 0x00000000eb580000, 0x0000000100000000)
  eden space 6144K, 100% used [0x00000000eab00000,0x00000000eb100000,0x00000000eb100000)
  from space 1536K, 82% used [0x00000000eb400000,0x00000000eb53c010,0x00000000eb580000)
  to   space 2048K, 0% used [0x00000000eb180000,0x00000000eb180000,0x00000000eb380000)
 ParOldGen       total 141824K, used 138955K [0x00000000c0000000, 0x00000000c8a80000, 0x00000000eab00000)
  object space 141824K, 97% used [0x00000000c0000000,0x00000000c87b2ea0,0x00000000c8a80000)
 Metaspace       used 70223K, committed 71936K, reserved 1114112K
  class space    used 7381K, committed 8128K, reserved 1048576K
}
Event: 8662.788 GC heap after
{Heap after GC invocations=3334 (full 7):
 PSYoungGen      total 8704K, used 674K [0x00000000eab00000, 0x00000000eb480000, 0x0000000100000000)
  eden space 6656K, 0% used [0x00000000eab00000,0x00000000eab00000,0x00000000eb180000)
  from space 2048K, 32% used [0x00000000eb180000,0x00000000eb228848,0x00000000eb380000)
  to   space 1024K, 0% used [0x00000000eb380000,0x00000000eb380000,0x00000000eb480000)
 ParOldGen       total 141824K, used 139275K [0x00000000c0000000, 0x00000000c8a80000, 0x00000000eab00000)
  object space 141824K, 98% used [0x00000000c0000000,0x00000000c8802ea0,0x00000000c8a80000)
 Metaspace       used 70223K, committed 71936K, reserved 1114112K
  class space    used 7381K, committed 8128K, reserved 1048576K
}
Event: 8663.137 GC heap before
{Heap before GC invocations=3335 (full 7):
 PSYoungGen      total 8704K, used 7330K [0x00000000eab00000, 0x00000000eb480000, 0x0000000100000000)
  eden space 6656K, 100% used [0x00000000eab00000,0x00000000eb180000,0x00000000eb180000)
  from space 2048K, 32% used [0x00000000eb180000,0x00000000eb228848,0x00000000eb380000)
  to   space 1024K, 0% used [0x00000000eb380000,0x00000000eb380000,0x00000000eb480000)
 ParOldGen       total 141824K, used 139275K [0x00000000c0000000, 0x00000000c8a80000, 0x00000000eab00000)
  object space 141824K, 98% used [0x00000000c0000000,0x00000000c8802ea0,0x00000000c8a80000)
 Metaspace       used 70254K, committed 71936K, reserved 1114112K
  class space    used 7382K, committed 8128K, reserved 1048576K
}
Event: 8663.140 GC heap after
{Heap after GC invocations=3335 (full 7):
 PSYoungGen      total 8704K, used 631K [0x00000000eab00000, 0x00000000eb500000, 0x0000000100000000)
  eden space 7680K, 0% used [0x00000000eab00000,0x00000000eab00000,0x00000000eb280000)
  from space 1024K, 61% used [0x00000000eb380000,0x00000000eb41de70,0x00000000eb480000)
  to   space 1024K, 0% used [0x00000000eb280000,0x00000000eb280000,0x00000000eb380000)
 ParOldGen       total 141824K, used 139680K [0x00000000c0000000, 0x00000000c8a80000, 0x00000000eab00000)
  object space 141824K, 98% used [0x00000000c0000000,0x00000000c8868020,0x00000000c8a80000)
 Metaspace       used 70254K, committed 71936K, reserved 1114112K
  class space    used 7382K, committed 8128K, reserved 1048576K
}
Event: 8663.260 GC heap before
{Heap before GC invocations=3336 (full 7):
 PSYoungGen      total 8704K, used 8311K [0x00000000eab00000, 0x00000000eb500000, 0x0000000100000000)
  eden space 7680K, 100% used [0x00000000eab00000,0x00000000eb280000,0x00000000eb280000)
  from space 1024K, 61% used [0x00000000eb380000,0x00000000eb41de70,0x00000000eb480000)
  to   space 1024K, 0% used [0x00000000eb280000,0x00000000eb280000,0x00000000eb380000)
 ParOldGen       total 141824K, used 139680K [0x00000000c0000000, 0x00000000c8a80000, 0x00000000eab00000)
  object space 141824K, 98% used [0x00000000c0000000,0x00000000c8868020,0x00000000c8a80000)
 Metaspace       used 70259K, committed 71936K, reserved 1114112K
  class space    used 7382K, committed 8128K, reserved 1048576K
}
Event: 8663.264 GC heap after
{Heap after GC invocations=3336 (full 7):
 PSYoungGen      total 8704K, used 1024K [0x00000000eab00000, 0x00000000eb680000, 0x0000000100000000)
  eden space 7680K, 0% used [0x00000000eab00000,0x00000000eab00000,0x00000000eb280000)
  from space 1024K, 100% used [0x00000000eb280000,0x00000000eb380000,0x00000000eb380000)
  to   space 2048K, 0% used [0x00000000eb480000,0x00000000eb480000,0x00000000eb680000)
 ParOldGen       total 141824K, used 140341K [0x00000000c0000000, 0x00000000c8a80000, 0x00000000eab00000)
  object space 141824K, 98% used [0x00000000c0000000,0x00000000c890d5d0,0x00000000c8a80000)
 Metaspace       used 70259K, committed 71936K, reserved 1114112K
  class space    used 7382K, committed 8128K, reserved 1048576K
}
Event: 8663.607 GC heap before
{Heap before GC invocations=3337 (full 7):
 PSYoungGen      total 8704K, used 8704K [0x00000000eab00000, 0x00000000eb680000, 0x0000000100000000)
  eden space 7680K, 100% used [0x00000000eab00000,0x00000000eb280000,0x00000000eb280000)
  from space 1024K, 100% used [0x00000000eb280000,0x00000000eb380000,0x00000000eb380000)
  to   space 2048K, 0% used [0x00000000eb480000,0x00000000eb480000,0x00000000eb680000)
 ParOldGen       total 141824K, used 140341K [0x00000000c0000000, 0x00000000c8a80000, 0x00000000eab00000)
  object space 141824K, 98% used [0x00000000c0000000,0x00000000c890d5d0,0x00000000c8a80000)
 Metaspace       used 70280K, committed 71936K, reserved 1114112K
  class space    used 7382K, committed 8128K, reserved 1048576K
}
Event: 8663.613 GC heap after
{Heap after GC invocations=3337 (full 7):
 PSYoungGen      total 9216K, used 1087K [0x00000000eab00000, 0x00000000eb600000, 0x0000000100000000)
  eden space 7680K, 0% used [0x00000000eab00000,0x00000000eab00000,0x00000000eb280000)
  from space 1536K, 70% used [0x00000000eb480000,0x00000000eb58fc18,0x00000000eb600000)
  to   space 1536K, 0% used [0x00000000eb300000,0x00000000eb300000,0x00000000eb480000)
 ParOldGen       total 141824K, used 141385K [0x00000000c0000000, 0x00000000c8a80000, 0x00000000eab00000)
  object space 141824K, 99% used [0x00000000c0000000,0x00000000c8a127f8,0x00000000c8a80000)
 Metaspace       used 70280K, committed 71936K, reserved 1114112K
  class space    used 7382K, committed 8128K, reserved 1048576K
}
Event: 8663.864 GC heap before
{Heap before GC invocations=3338 (full 7):
 PSYoungGen      total 9216K, used 8767K [0x00000000eab00000, 0x00000000eb600000, 0x0000000100000000)
  eden space 7680K, 100% used [0x00000000eab00000,0x00000000eb280000,0x00000000eb280000)
  from space 1536K, 70% used [0x00000000eb480000,0x00000000eb58fc18,0x00000000eb600000)
  to   space 1536K, 0% used [0x00000000eb300000,0x00000000eb300000,0x00000000eb480000)
 ParOldGen       total 141824K, used 141385K [0x00000000c0000000, 0x00000000c8a80000, 0x00000000eab00000)
  object space 141824K, 99% used [0x00000000c0000000,0x00000000c8a127f8,0x00000000c8a80000)
 Metaspace       used 70291K, committed 71936K, reserved 1114112K
  class space    used 7383K, committed 8128K, reserved 1048576K
}
Event: 8663.869 GC heap after
{Heap after GC invocations=3338 (full 7):
 PSYoungGen      total 9216K, used 1045K [0x00000000eab00000, 0x00000000eb580000, 0x0000000100000000)
  eden space 7680K, 0% used [0x00000000eab00000,0x00000000eab00000,0x00000000eb280000)
  from space 1536K, 68% used [0x00000000eb300000,0x00000000eb405610,0x00000000eb480000)
  to   space 1024K, 0% used [0x00000000eb480000,0x00000000eb480000,0x00000000eb580000)
 ParOldGen       total 141824K, used 141691K [0x00000000c0000000, 0x00000000c8a80000, 0x00000000eab00000)
  object space 141824K, 99% used [0x00000000c0000000,0x00000000c8a5ee88,0x00000000c8a80000)
 Metaspace       used 70291K, committed 71936K, reserved 1114112K
  class space    used 7383K, committed 8128K, reserved 1048576K
}
Event: 8664.152 GC heap before
{Heap before GC invocations=3339 (full 7):
 PSYoungGen      total 9216K, used 8725K [0x00000000eab00000, 0x00000000eb580000, 0x0000000100000000)
  eden space 7680K, 100% used [0x00000000eab00000,0x00000000eb280000,0x00000000eb280000)
  from space 1536K, 68% used [0x00000000eb300000,0x00000000eb405610,0x00000000eb480000)
  to   space 1024K, 0% used [0x00000000eb480000,0x00000000eb480000,0x00000000eb580000)
 ParOldGen       total 141824K, used 141691K [0x00000000c0000000, 0x00000000c8a80000, 0x00000000eab00000)
  object space 141824K, 99% used [0x00000000c0000000,0x00000000c8a5ee88,0x00000000c8a80000)
 Metaspace       used 70326K, committed 71936K, reserved 1114112K
  class space    used 7385K, committed 8128K, reserved 1048576K
}
Event: 8664.160 GC heap after
{Heap after GC invocations=3339 (full 7):
 PSYoungGen      total 8704K, used 1008K [0x00000000eab00000, 0x00000000eb580000, 0x0000000100000000)
  eden space 7680K, 0% used [0x00000000eab00000,0x00000000eab00000,0x00000000eb280000)
  from space 1024K, 98% used [0x00000000eb480000,0x00000000eb57c158,0x00000000eb580000)
  to   space 1536K, 0% used [0x00000000eb280000,0x00000000eb280000,0x00000000eb400000)
 ParOldGen       total 142336K, used 141948K [0x00000000c0000000, 0x00000000c8b00000, 0x00000000eab00000)
  object space 142336K, 99% used [0x00000000c0000000,0x00000000c8a9f1e8,0x00000000c8b00000)
 Metaspace       used 70326K, committed 71936K, reserved 1114112K
  class space    used 7385K, committed 8128K, reserved 1048576K
}

